2026-04-09 15:50:54  [ERROR]  Watch folder does not exist: data
2026-04-09 15:51:11  [ERROR]  Watch folder does not exist: data
2026-04-09 15:52:18  [INFO]  ============================================================
2026-04-09 15:52:18  [INFO]    Watcher Service started
2026-04-09 15:52:18  [INFO]    Folder  : E:\RAG_DALEEL\RAG_DALEEL\Data 2
2026-04-09 15:52:18  [INFO]    Interval: 30s
2026-04-09 15:52:18  [INFO]  ============================================================
2026-04-09 15:52:18  [INFO]  ── Cycle #1 ─────────────────────────────────
2026-04-09 15:52:27  [INFO]     found=45  inserted=0  skipped=45  failed=0
2026-04-09 15:52:57  [INFO]  ── Cycle #2 ─────────────────────────────────
2026-04-09 15:53:00  [INFO]     found=45  inserted=0  skipped=45  failed=0
2026-04-09 15:53:30  [INFO]  ── Cycle #3 ─────────────────────────────────
2026-04-09 15:53:32  [INFO]     found=45  inserted=0  skipped=45  failed=0
2026-04-09 15:54:02  [INFO]  ── Cycle #4 ─────────────────────────────────
2026-04-09 15:54:05  [INFO]     found=45  inserted=0  skipped=45  failed=0
2026-04-09 15:54:35  [INFO]  ── Cycle #5 ─────────────────────────────────
2026-04-09 15:54:37  [INFO]     found=45  inserted=0  skipped=45  failed=0
2026-04-09 15:55:07  [INFO]  ── Cycle #6 ─────────────────────────────────
2026-04-09 15:55:10  [INFO]     found=45  inserted=0  skipped=45  failed=0
2026-04-09 15:55:40  [INFO]  ── Cycle #7 ─────────────────────────────────
2026-04-09 15:55:43  [INFO]     found=45  inserted=0  skipped=45  failed=0
2026-04-09 15:56:13  [INFO]  ── Cycle #8 ─────────────────────────────────
2026-04-09 15:56:15  [INFO]     found=45  inserted=0  skipped=45  failed=0
2026-04-09 15:56:45  [INFO]  ── Cycle #9 ─────────────────────────────────
2026-04-09 15:56:48  [INFO]     found=45  inserted=0  skipped=45  failed=0
2026-04-09 15:57:18  [INFO]  ── Cycle #10 ─────────────────────────────────
2026-04-09 15:57:20  [INFO]     found=45  inserted=0  skipped=45  failed=0
2026-04-09 15:57:50  [INFO]  ── Cycle #11 ─────────────────────────────────
2026-04-09 15:57:53  [INFO]     found=45  inserted=0  skipped=45  failed=0
2026-04-09 15:58:23  [INFO]  ── Cycle #12 ─────────────────────────────────
2026-04-09 15:58:26  [INFO]     found=45  inserted=0  skipped=45  failed=0
2026-04-09 15:58:56  [INFO]  ── Cycle #13 ─────────────────────────────────
2026-04-09 15:58:58  [INFO]     found=45  inserted=0  skipped=45  failed=0
2026-04-09 15:59:28  [INFO]  ── Cycle #14 ─────────────────────────────────
2026-04-09 15:59:31  [INFO]     found=45  inserted=0  skipped=45  failed=0
2026-04-09 16:00:01  [INFO]  ── Cycle #15 ─────────────────────────────────
2026-04-09 16:00:04  [INFO]     found=45  inserted=0  skipped=45  failed=0
2026-04-09 16:00:34  [INFO]  ── Cycle #16 ─────────────────────────────────
2026-04-09 16:00:37  [INFO]     found=45  inserted=0  skipped=45  failed=0
2026-04-09 16:01:07  [INFO]  ── Cycle #17 ─────────────────────────────────
2026-04-09 16:01:10  [INFO]     found=45  inserted=0  skipped=45  failed=0
2026-04-09 16:01:40  [INFO]  ── Cycle #18 ─────────────────────────────────
2026-04-09 16:01:42  [INFO]     found=45  inserted=0  skipped=45  failed=0
2026-04-09 16:02:12  [INFO]  ── Cycle #19 ─────────────────────────────────
2026-04-09 16:02:15  [INFO]     found=45  inserted=0  skipped=45  failed=0
2026-04-09 16:02:45  [INFO]  ── Cycle #20 ─────────────────────────────────
2026-04-09 16:02:47  [INFO]     found=45  inserted=0  skipped=45  failed=0
2026-04-09 16:03:17  [INFO]  ── Cycle #21 ─────────────────────────────────
2026-04-09 16:03:20  [INFO]     found=45  inserted=0  skipped=45  failed=0
2026-04-09 16:03:50  [INFO]  ── Cycle #22 ─────────────────────────────────
2026-04-09 16:03:52  [INFO]     found=45  inserted=0  skipped=45  failed=0
2026-04-09 16:04:22  [INFO]  ── Cycle #23 ─────────────────────────────────
2026-04-09 16:04:24  [INFO]     found=45  inserted=0  skipped=45  failed=0
2026-04-09 16:04:54  [INFO]  ── Cycle #24 ─────────────────────────────────
2026-04-09 16:04:57  [INFO]     found=45  inserted=0  skipped=45  failed=0
2026-04-09 16:05:27  [INFO]  ── Cycle #25 ─────────────────────────────────
2026-04-09 16:05:31  [INFO]     found=45  inserted=0  skipped=45  failed=0
2026-04-09 16:06:01  [INFO]  ── Cycle #26 ─────────────────────────────────
2026-04-09 16:06:03  [INFO]     found=45  inserted=0  skipped=45  failed=0
2026-04-09 16:06:33  [INFO]  ── Cycle #27 ─────────────────────────────────
2026-04-09 16:06:36  [INFO]     found=45  inserted=0  skipped=45  failed=0
2026-04-09 16:07:06  [INFO]  ── Cycle #28 ─────────────────────────────────
2026-04-09 16:07:09  [INFO]     found=45  inserted=0  skipped=45  failed=0
2026-04-09 16:07:39  [INFO]  ── Cycle #29 ─────────────────────────────────
2026-04-09 16:07:41  [INFO]     found=45  inserted=0  skipped=45  failed=0
2026-04-09 16:08:11  [INFO]  ── Cycle #30 ─────────────────────────────────
2026-04-09 16:08:14  [INFO]     found=45  inserted=0  skipped=45  failed=0
2026-04-09 16:08:44  [INFO]  ── Cycle #31 ─────────────────────────────────
2026-04-09 16:08:46  [INFO]     found=45  inserted=0  skipped=45  failed=0
2026-04-09 16:09:16  [INFO]  ── Cycle #32 ─────────────────────────────────
2026-04-09 16:09:19  [INFO]     found=45  inserted=0  skipped=45  failed=0
2026-04-09 16:09:49  [INFO]  ── Cycle #33 ─────────────────────────────────
2026-04-09 16:09:52  [INFO]     found=45  inserted=0  skipped=45  failed=0
2026-04-09 16:10:22  [INFO]  ── Cycle #34 ─────────────────────────────────
2026-04-09 16:10:24  [INFO]     found=45  inserted=0  skipped=45  failed=0
2026-04-09 16:10:54  [INFO]  ── Cycle #35 ─────────────────────────────────
2026-04-09 16:10:57  [INFO]     found=45  inserted=0  skipped=45  failed=0
2026-04-09 16:11:27  [INFO]  ── Cycle #36 ─────────────────────────────────
2026-04-09 16:11:30  [INFO]     found=45  inserted=0  skipped=45  failed=0
2026-04-09 16:12:00  [INFO]  ── Cycle #37 ─────────────────────────────────
2026-04-09 16:12:03  [INFO]     found=45  inserted=0  skipped=45  failed=0
2026-04-09 16:12:33  [INFO]  ── Cycle #38 ─────────────────────────────────
2026-04-09 16:12:35  [INFO]     found=45  inserted=0  skipped=45  failed=0
2026-04-09 16:13:05  [INFO]  ── Cycle #39 ─────────────────────────────────
2026-04-09 16:13:08  [INFO]     found=45  inserted=0  skipped=45  failed=0
2026-04-09 16:13:38  [INFO]  ── Cycle #40 ─────────────────────────────────
2026-04-09 16:13:40  [INFO]     found=45  inserted=0  skipped=45  failed=0
2026-04-09 16:14:11  [INFO]  ── Cycle #41 ─────────────────────────────────
2026-04-09 16:14:21  [INFO]     found=45  inserted=0  skipped=45  failed=0
2026-04-09 16:14:51  [INFO]  ── Cycle #42 ─────────────────────────────────
2026-04-09 16:15:01  [INFO]     found=45  inserted=0  skipped=45  failed=0
2026-04-09 16:15:31  [INFO]  ── Cycle #43 ─────────────────────────────────
2026-04-09 16:15:56  [INFO]     found=45  inserted=0  skipped=45  failed=0
2026-04-09 16:16:26  [INFO]  ── Cycle #44 ─────────────────────────────────
2026-04-09 16:16:29  [INFO]     found=45  inserted=0  skipped=45  failed=0
2026-04-09 16:16:59  [INFO]  ── Cycle #45 ─────────────────────────────────
2026-04-09 16:17:02  [INFO]     found=45  inserted=0  skipped=45  failed=0
2026-04-09 16:17:32  [INFO]  ── Cycle #46 ─────────────────────────────────
2026-04-09 16:17:35  [INFO]     found=45  inserted=0  skipped=45  failed=0
2026-04-09 16:18:05  [INFO]  ── Cycle #47 ─────────────────────────────────
2026-04-09 16:18:07  [INFO]     found=45  inserted=0  skipped=45  failed=0
2026-04-09 16:18:37  [INFO]  ── Cycle #48 ─────────────────────────────────
2026-04-09 16:18:40  [INFO]     found=45  inserted=0  skipped=45  failed=0
2026-04-09 16:19:10  [INFO]  ── Cycle #49 ─────────────────────────────────
2026-04-09 16:19:12  [INFO]     found=45  inserted=0  skipped=45  failed=0
2026-04-09 16:19:42  [INFO]  ── Cycle #50 ─────────────────────────────────
2026-04-09 16:19:45  [INFO]     found=45  inserted=0  skipped=45  failed=0
2026-04-09 16:20:15  [INFO]  ── Cycle #51 ─────────────────────────────────
2026-04-09 16:20:18  [INFO]     found=45  inserted=0  skipped=45  failed=0
2026-04-09 16:20:48  [INFO]  ── Cycle #52 ─────────────────────────────────
2026-04-09 16:20:52  [INFO]     found=45  inserted=0  skipped=45  failed=0
2026-04-09 16:21:22  [INFO]  ── Cycle #53 ─────────────────────────────────
2026-04-09 16:21:25  [INFO]     found=45  inserted=0  skipped=45  failed=0
2026-04-09 16:21:55  [INFO]  ── Cycle #54 ─────────────────────────────────
2026-04-09 16:21:57  [INFO]     found=45  inserted=0  skipped=45  failed=0
2026-04-09 16:22:27  [INFO]  ── Cycle #55 ─────────────────────────────────
2026-04-09 16:22:30  [INFO]     found=45  inserted=0  skipped=45  failed=0
2026-04-09 16:23:00  [INFO]  ── Cycle #56 ─────────────────────────────────
2026-04-09 16:23:03  [INFO]     found=45  inserted=0  skipped=45  failed=0
2026-04-09 16:23:33  [INFO]  ── Cycle #57 ─────────────────────────────────
2026-04-09 16:23:36  [INFO]     found=45  inserted=0  skipped=45  failed=0
2026-04-09 16:24:06  [INFO]  ── Cycle #58 ─────────────────────────────────
2026-04-09 16:24:09  [INFO]     found=45  inserted=0  skipped=45  failed=0
2026-04-09 16:24:39  [INFO]  ── Cycle #59 ─────────────────────────────────
2026-04-09 16:24:42  [INFO]     found=45  inserted=0  skipped=45  failed=0
2026-04-09 16:25:12  [INFO]  ── Cycle #60 ─────────────────────────────────
2026-04-09 16:25:14  [INFO]     found=45  inserted=0  skipped=45  failed=0
2026-04-09 16:25:44  [INFO]  ── Cycle #61 ─────────────────────────────────
2026-04-09 16:25:47  [INFO]     found=45  inserted=0  skipped=45  failed=0
2026-04-09 16:26:17  [INFO]  ── Cycle #62 ─────────────────────────────────
2026-04-09 16:26:19  [INFO]     found=45  inserted=0  skipped=45  failed=0
2026-04-09 16:26:49  [INFO]  ── Cycle #63 ─────────────────────────────────
2026-04-09 16:26:52  [INFO]     found=45  inserted=0  skipped=45  failed=0
2026-04-09 16:27:22  [INFO]  ── Cycle #64 ─────────────────────────────────
2026-04-09 16:27:25  [INFO]     found=45  inserted=0  skipped=45  failed=0
2026-04-09 16:27:56  [INFO]  ── Cycle #65 ─────────────────────────────────
2026-04-09 16:27:58  [INFO]     found=45  inserted=0  skipped=45  failed=0
2026-04-09 16:28:28  [INFO]  ── Cycle #66 ─────────────────────────────────
2026-04-09 16:28:31  [INFO]     found=45  inserted=0  skipped=45  failed=0
2026-04-09 16:29:01  [INFO]  ── Cycle #67 ─────────────────────────────────
2026-04-09 16:29:04  [INFO]     found=45  inserted=0  skipped=45  failed=0
2026-04-09 16:29:34  [INFO]  ── Cycle #68 ─────────────────────────────────
2026-04-09 16:29:38  [INFO]     found=45  inserted=0  skipped=45  failed=0
2026-04-09 16:30:08  [INFO]  ── Cycle #69 ─────────────────────────────────
2026-04-09 16:30:10  [INFO]     found=45  inserted=0  skipped=45  failed=0
2026-04-09 16:30:40  [INFO]  ── Cycle #70 ─────────────────────────────────
2026-04-09 16:30:47  [INFO]     found=45  inserted=0  skipped=45  failed=0
2026-04-09 16:31:17  [INFO]  ── Cycle #71 ─────────────────────────────────
2026-04-09 16:31:33  [INFO]     found=45  inserted=0  skipped=45  failed=0
2026-04-09 16:32:03  [INFO]  ── Cycle #72 ─────────────────────────────────
2026-04-09 16:32:06  [INFO]     found=45  inserted=0  skipped=45  failed=0
2026-04-09 16:32:36  [INFO]  ── Cycle #73 ─────────────────────────────────
2026-04-09 16:32:55  [INFO]     found=45  inserted=0  skipped=45  failed=0
2026-04-09 16:33:25  [INFO]  ── Cycle #74 ─────────────────────────────────
2026-04-09 16:33:46  [INFO]     found=45  inserted=0  skipped=45  failed=0
2026-04-09 16:34:16  [INFO]  ── Cycle #75 ─────────────────────────────────
2026-04-09 16:34:34  [INFO]     found=45  inserted=0  skipped=45  failed=0
2026-04-09 16:35:04  [INFO]  ── Cycle #76 ─────────────────────────────────
2026-04-09 16:35:26  [INFO]     found=45  inserted=0  skipped=45  failed=0
2026-04-09 16:35:56  [INFO]  ── Cycle #77 ─────────────────────────────────
2026-04-09 16:36:13  [INFO]     found=45  inserted=0  skipped=45  failed=0
2026-04-09 16:36:43  [INFO]  ── Cycle #78 ─────────────────────────────────
2026-04-09 16:37:03  [INFO]     found=45  inserted=0  skipped=45  failed=0
2026-04-09 16:37:33  [INFO]  ── Cycle #79 ─────────────────────────────────
2026-04-09 16:37:52  [INFO]     found=45  inserted=0  skipped=45  failed=0
2026-04-09 16:38:22  [INFO]  ── Cycle #80 ─────────────────────────────────
2026-04-09 16:38:39  [INFO]     found=45  inserted=0  skipped=45  failed=0
2026-04-09 16:39:09  [INFO]  ── Cycle #81 ─────────────────────────────────
2026-04-09 16:39:29  [INFO]     found=45  inserted=0  skipped=45  failed=0
2026-04-09 16:39:59  [INFO]  ── Cycle #82 ─────────────────────────────────
2026-04-09 16:40:15  [INFO]     found=45  inserted=0  skipped=45  failed=0
2026-04-09 16:40:45  [INFO]  ── Cycle #83 ─────────────────────────────────
2026-04-09 16:40:57  [INFO]     found=45  inserted=0  skipped=45  failed=0
2026-04-09 16:41:27  [INFO]  ── Cycle #84 ─────────────────────────────────
2026-04-09 16:41:40  [INFO]     found=45  inserted=0  skipped=45  failed=0
2026-04-09 16:42:10  [INFO]  ── Cycle #85 ─────────────────────────────────
2026-04-09 16:42:27  [INFO]     found=45  inserted=0  skipped=45  failed=0
2026-04-09 16:42:57  [INFO]  ── Cycle #86 ─────────────────────────────────
2026-04-09 16:42:59  [INFO]     found=45  inserted=0  skipped=45  failed=0
2026-04-09 16:43:29  [INFO]  ── Cycle #87 ─────────────────────────────────
2026-04-09 16:43:32  [INFO]     found=45  inserted=0  skipped=45  failed=0
2026-04-09 16:44:02  [INFO]  ── Cycle #88 ─────────────────────────────────
2026-04-09 16:44:19  [INFO]     found=45  inserted=0  skipped=45  failed=0
2026-04-09 16:44:49  [INFO]  ── Cycle #89 ─────────────────────────────────
2026-04-09 16:45:07  [INFO]     found=45  inserted=0  skipped=45  failed=0
2026-04-09 16:45:37  [INFO]  ── Cycle #90 ─────────────────────────────────
2026-04-09 16:45:52  [INFO]     found=45  inserted=0  skipped=45  failed=0
2026-04-09 16:46:22  [INFO]  ── Cycle #91 ─────────────────────────────────
2026-04-09 16:46:39  [INFO]     found=45  inserted=0  skipped=45  failed=0
2026-04-09 16:47:09  [INFO]  ── Cycle #92 ─────────────────────────────────
2026-04-09 16:47:27  [INFO]     found=45  inserted=0  skipped=45  failed=0
2026-04-09 16:47:57  [INFO]  ── Cycle #93 ─────────────────────────────────
2026-04-09 16:48:15  [INFO]     found=45  inserted=0  skipped=45  failed=0
2026-04-09 16:48:45  [INFO]  ── Cycle #94 ─────────────────────────────────
2026-04-09 16:49:05  [INFO]     found=45  inserted=0  skipped=45  failed=0
2026-04-09 16:49:35  [INFO]  ── Cycle #95 ─────────────────────────────────
2026-04-09 16:49:53  [INFO]     found=45  inserted=0  skipped=45  failed=0
2026-04-09 16:50:23  [INFO]  ── Cycle #96 ─────────────────────────────────
2026-04-09 16:50:42  [INFO]     found=45  inserted=0  skipped=45  failed=0
2026-04-09 16:51:12  [INFO]  ── Cycle #97 ─────────────────────────────────
2026-04-09 16:51:31  [INFO]     found=45  inserted=0  skipped=45  failed=0
2026-04-09 16:52:01  [INFO]  ── Cycle #98 ─────────────────────────────────
2026-04-09 16:52:19  [INFO]     found=45  inserted=0  skipped=45  failed=0
2026-04-09 16:52:49  [INFO]  ── Cycle #99 ─────────────────────────────────
2026-04-09 16:53:05  [INFO]     found=45  inserted=0  skipped=45  failed=0
2026-04-09 16:53:35  [INFO]  ── Cycle #100 ─────────────────────────────────
2026-04-09 16:53:53  [INFO]     found=45  inserted=0  skipped=45  failed=0
2026-04-09 16:54:23  [INFO]  ── Cycle #101 ─────────────────────────────────
2026-04-09 16:54:41  [INFO]     found=45  inserted=0  skipped=45  failed=0
2026-04-09 16:55:11  [INFO]  ── Cycle #102 ─────────────────────────────────
2026-04-09 16:55:31  [INFO]     found=45  inserted=0  skipped=45  failed=0
2026-04-09 16:56:01  [INFO]  ── Cycle #103 ─────────────────────────────────
2026-04-09 16:56:11  [INFO]     found=45  inserted=0  skipped=45  failed=0
2026-04-09 16:56:41  [INFO]  ── Cycle #104 ─────────────────────────────────
2026-04-09 16:56:58  [INFO]     found=45  inserted=0  skipped=45  failed=0
2026-04-09 16:57:28  [INFO]  ── Cycle #105 ─────────────────────────────────
2026-04-09 16:57:42  [INFO]     found=45  inserted=0  skipped=45  failed=0
2026-04-09 16:58:12  [INFO]  ── Cycle #106 ─────────────────────────────────
2026-04-09 16:58:30  [INFO]     found=45  inserted=0  skipped=45  failed=0
2026-04-09 16:59:00  [INFO]  ── Cycle #107 ─────────────────────────────────
2026-04-09 16:59:18  [INFO]     found=45  inserted=0  skipped=45  failed=0
2026-04-09 16:59:48  [INFO]  ── Cycle #108 ─────────────────────────────────
2026-04-09 17:00:06  [INFO]     found=45  inserted=0  skipped=45  failed=0
2026-04-09 17:00:37  [INFO]  ── Cycle #109 ─────────────────────────────────
2026-04-09 17:00:39  [INFO]     found=45  inserted=0  skipped=45  failed=0
2026-04-09 17:01:09  [INFO]  ── Cycle #110 ─────────────────────────────────
2026-04-09 17:01:12  [INFO]     found=45  inserted=0  skipped=45  failed=0
2026-04-09 17:01:42  [INFO]  ── Cycle #111 ─────────────────────────────────
2026-04-09 17:01:44  [INFO]     found=45  inserted=0  skipped=45  failed=0
2026-04-09 17:02:14  [INFO]  ── Cycle #112 ─────────────────────────────────
2026-04-09 17:02:17  [INFO]     found=45  inserted=0  skipped=45  failed=0
2026-04-09 17:02:47  [INFO]  ── Cycle #113 ─────────────────────────────────
2026-04-09 17:02:49  [INFO]     found=45  inserted=0  skipped=45  failed=0
2026-04-09 17:03:20  [INFO]  ── Cycle #114 ─────────────────────────────────
2026-04-09 17:03:22  [INFO]     found=45  inserted=0  skipped=45  failed=0
2026-04-09 17:03:52  [INFO]  ── Cycle #115 ─────────────────────────────────
2026-04-09 17:03:55  [INFO]     found=45  inserted=0  skipped=45  failed=0
2026-04-09 17:04:25  [INFO]  ── Cycle #116 ─────────────────────────────────
2026-04-09 17:04:28  [INFO]     found=45  inserted=0  skipped=45  failed=0
2026-04-09 17:04:58  [INFO]  ── Cycle #117 ─────────────────────────────────
2026-04-09 17:05:01  [INFO]     found=45  inserted=0  skipped=45  failed=0
2026-04-09 17:05:31  [INFO]  ── Cycle #118 ─────────────────────────────────
2026-04-09 17:05:34  [INFO]     found=45  inserted=0  skipped=45  failed=0
2026-04-09 17:06:04  [INFO]  ── Cycle #119 ─────────────────────────────────
2026-04-09 17:06:06  [INFO]     found=45  inserted=0  skipped=45  failed=0
2026-04-09 17:06:37  [INFO]  ── Cycle #120 ─────────────────────────────────
2026-04-09 17:06:39  [INFO]     found=45  inserted=0  skipped=45  failed=0
2026-04-09 17:07:09  [INFO]  ── Cycle #121 ─────────────────────────────────
2026-04-09 17:07:12  [INFO]     found=45  inserted=0  skipped=45  failed=0
2026-04-09 17:07:42  [INFO]  ── Cycle #122 ─────────────────────────────────
2026-04-09 17:08:01  [INFO]     found=45  inserted=0  skipped=45  failed=0
2026-04-09 17:08:32  [INFO]  ── Cycle #123 ─────────────────────────────────
2026-04-09 17:08:53  [INFO]     found=45  inserted=0  skipped=45  failed=0
2026-04-09 17:09:23  [INFO]  ── Cycle #124 ─────────────────────────────────
2026-04-09 17:09:42  [INFO]     found=45  inserted=0  skipped=45  failed=0
2026-04-09 17:10:13  [INFO]  ── Cycle #125 ─────────────────────────────────
2026-04-09 17:10:32  [INFO]     found=45  inserted=0  skipped=45  failed=0
2026-04-09 17:11:02  [INFO]  ── Cycle #126 ─────────────────────────────────
2026-04-09 17:11:18  [INFO]     found=45  inserted=0  skipped=45  failed=0
2026-04-09 17:11:48  [INFO]  ── Cycle #127 ─────────────────────────────────
2026-04-09 17:12:06  [INFO]     found=45  inserted=0  skipped=45  failed=0
2026-04-09 17:12:36  [INFO]  ── Cycle #128 ─────────────────────────────────
